

Microchip Technology PIC18 LITE Macro Assembler V1.35 build -356382666 
                                                                                               Fri Sep 30 17:21:31 2016

Microchip Technology Omniscient Code Generator v1.35 (Free mode) build 201507080246
     1                           	processor	18F4520
     2                           	fnconf	rparam,??,?,0
     3                           	opt	pw 120
     4                           	opt	lm
     5                           	psect	cinit,global,reloc=2,class=CODE,delta=1
     6                           	psect	cstackCOMRAM,global,class=COMRAM,space=1,delta=1
     7                           	psect	text0,global,reloc=2,class=CODE,delta=1
     8                           	psect	text1,global,reloc=2,class=CODE,delta=1
     9                           	psect	intsave_regs,global,class=BIGRAM,space=1,delta=1
    10                           	psect	rparam,global,class=COMRAM,space=1,delta=1
    11  0000                     _ADCON1	set	4033
    12  0000                     _PORTB	set	3969
    13  0000                     _TRISA	set	3986
    14  0000                     _TRISB	set	3987
    15                           
    16                           ; #config settings
    17  0000                     
    18                           	psect	cinit
    19  007FAC                     __pcinit:
    20                           	opt stack 0
    21  007FAC                     start_initialization:
    22                           	opt stack 0
    23  007FAC                     __initialization:
    24                           	opt stack 0
    25  007FAC                     end_of_initialization:
    26                           	opt stack 0
    27  007FAC                     __end_of__initialization:
    28                           	opt stack 0
    29  007FAC  0100               	movlb	0
    30  007FAE  EFE1  F03F         	goto	_main	;jump to C main() function
    31                           
    32                           	psect	cstackCOMRAM
    33  000001                     __pcstackCOMRAM:
    34                           	opt stack 0
    35  000001                     main@count:
    36                           	opt stack 0
    37                           
    38                           ; 4 bytes @ 0x0
    39  000001                     	ds	4
    40  000005                     main@countb:
    41                           	opt stack 0
    42                           
    43                           ; 1 bytes @ 0x4
    44  000005                     	ds	1
    45                           
    46 ;;
    47 ;;Main: autosize = 0, tempsize = 0, incstack = 0, save=0
    48 ;;
    49 ;; *************** function _main *****************
    50 ;; Defined at:
    51 ;;		line 36 in file "access_ram.c"
    52 ;; Parameters:    Size  Location     Type
    53 ;;		None
    54 ;; Auto vars:     Size  Location     Type
    55 ;;  count           4    0[COMRAM] unsigned long 
    56 ;;  countb          1    4[COMRAM] unsigned char 
    57 ;; Return value:  Size  Location     Type
    58 ;;		None               void
    59 ;; Registers used:
    60 ;;		wreg, status,2, cstack
    61 ;; Tracked objects:
    62 ;;		On entry : 0/0
    63 ;;		On exit  : 0/0
    64 ;;		Unchanged: 0/0
    65 ;; Data sizes:     COMRAM   BANK0   BANK1   BANK2   BANK3   BANK4   BANK5
    66 ;;      Params:         0       0       0       0       0       0       0
    67 ;;      Locals:         5       0       0       0       0       0       0
    68 ;;      Temps:          0       0       0       0       0       0       0
    69 ;;      Totals:         5       0       0       0       0       0       0
    70 ;;Total ram usage:        5 bytes
    71 ;; Hardware stack levels required when called:    1
    72 ;; This function calls:
    73 ;;		_Initial
    74 ;; This function is called by:
    75 ;;		Startup code after reset
    76 ;; This function uses a non-reentrant model
    77 ;;
    78                           
    79                           	psect	text0
    80  007FC2                     __ptext0:
    81                           	opt stack 0
    82  007FC2                     _main:
    83                           	opt stack 30
    84                           
    85                           ;access_ram.c: 38: unsigned long count = 0;
    86                           
    87                           ;incstack = 0
    88  007FC2  0E00               	movlw	0
    89  007FC4  6E01               	movwf	main@count,c
    90  007FC6  0E00               	movlw	0
    91  007FC8  6E02               	movwf	main@count+1,c
    92  007FCA  0E00               	movlw	0
    93  007FCC  6E03               	movwf	main@count+2,c
    94  007FCE  0E00               	movlw	0
    95  007FD0  6E04               	movwf	main@count+3,c
    96                           
    97                           ;access_ram.c: 39: unsigned char countb = 0;
    98  007FD2  0E00               	movlw	0
    99  007FD4  6E05               	movwf	main@countb,c
   100                           
   101                           ;access_ram.c: 41: Initial();
   102  007FD6  ECD9  F03F         	call	_Initial	;wreg free
   103                           
   104                           ;access_ram.c: 45: TRISB = 0x00;
   105  007FDA  0E00               	movlw	0
   106  007FDC  6E93               	movwf	3987,c	;volatile
   107                           
   108                           ;access_ram.c: 46: PORTB = 0x01;
   109  007FDE  0E01               	movlw	1
   110  007FE0  6E81               	movwf	3969,c	;volatile
   111                           
   112                           ;access_ram.c: 50: count = 0x11ff55ff;
   113  007FE2  0EFF               	movlw	255
   114  007FE4  6E01               	movwf	main@count,c
   115  007FE6  0E55               	movlw	85
   116  007FE8  6E02               	movwf	main@count+1,c
   117  007FEA  0EFF               	movlw	255
   118  007FEC  6E03               	movwf	main@count+2,c
   119  007FEE  0E11               	movlw	17
   120  007FF0  6E04               	movwf	main@count+3,c
   121                           
   122                           ;access_ram.c: 53: PORTB = count;
   123  007FF2  C001  FF81         	movff	main@count,3969	;volatile
   124                           
   125                           ;access_ram.c: 55: countb = 0x55;
   126  007FF6  0E55               	movlw	85
   127  007FF8  6E05               	movwf	main@countb,c
   128                           
   129                           ;access_ram.c: 57: PORTB = countb;
   130  007FFA  C005  FF81         	movff	main@countb,3969	;volatile
   131  007FFE  D7FF               	goto	l16
   132  008000                     __end_of_main:
   133                           	opt stack 0
   134                           
   135 ;; *************** function _Initial *****************
   136 ;; Defined at:
   137 ;;		line 72 in file "access_ram.c"
   138 ;; Parameters:    Size  Location     Type
   139 ;;		None
   140 ;; Auto vars:     Size  Location     Type
   141 ;;		None
   142 ;; Return value:  Size  Location     Type
   143 ;;		None               void
   144 ;; Registers used:
   145 ;;		wreg, status,2
   146 ;; Tracked objects:
   147 ;;		On entry : 0/0
   148 ;;		On exit  : 0/0
   149 ;;		Unchanged: 0/0
   150 ;; Data sizes:     COMRAM   BANK0   BANK1   BANK2   BANK3   BANK4   BANK5
   151 ;;      Params:         0       0       0       0       0       0       0
   152 ;;      Locals:         0       0       0       0       0       0       0
   153 ;;      Temps:          0       0       0       0       0       0       0
   154 ;;      Totals:         0       0       0       0       0       0       0
   155 ;;Total ram usage:        0 bytes
   156 ;; Hardware stack levels used:    1
   157 ;; This function calls:
   158 ;;		Nothing
   159 ;; This function is called by:
   160 ;;		_main
   161 ;; This function uses a non-reentrant model
   162 ;;
   163                           
   164                           	psect	text1
   165  007FB2                     __ptext1:
   166                           	opt stack 0
   167  007FB2                     _Initial:
   168                           	opt stack 30
   169                           
   170                           ;access_ram.c: 75: ADCON1 = 0x0f;
   171                           
   172                           ;incstack = 0
   173  007FB2  0E0F               	movlw	15
   174  007FB4  6EC1               	movwf	4033,c	;volatile
   175                           
   176                           ;access_ram.c: 77: TRISA = 0xff;
   177  007FB6  6892               	setf	3986,c	;volatile
   178                           
   179                           ;access_ram.c: 78: TRISB = 0x00;
   180  007FB8  0E00               	movlw	0
   181  007FBA  6E93               	movwf	3987,c	;volatile
   182                           
   183                           ;access_ram.c: 79: PORTB = 0x00;
   184  007FBC  0E00               	movlw	0
   185  007FBE  6E81               	movwf	3969,c	;volatile
   186  007FC0  0012               	return		;funcret
   187  007FC2                     __end_of_Initial:
   188                           	opt stack 0
   189  0000                     
   190                           	psect	rparam


Data Sizes:
    Strings     0
    Constant    0
    Data        0
    BSS         0
    Persistent  0
    Stack       0

Auto Spaces:
    Space          Size  Autos    Used
    COMRAM          127      5       5
    BANK0           128      0       0
    BANK1           256      0       0
    BANK2           256      0       0
    BANK3           256      0       0
    BANK4           256      0       0
    BANK5           256      0       0

Pointer List with Targets:

    None.

Critical Paths under _main in COMRAM

    None.

Critical Paths under _main in BANK0

    None.

Critical Paths under _main in BANK1

    None.

Critical Paths under _main in BANK2

    None.

Critical Paths under _main in BANK3

    None.

Critical Paths under _main in BANK4

    None.

Critical Paths under _main in BANK5

    None.

Call Graph Tables:

 ---------------------------------------------------------------------------------
 (Depth) Function   	        Calls       Base Space   Used Autos Params    Refs
 ---------------------------------------------------------------------------------
 (0) _main                                                 5     5      0      30
                                              0 COMRAM     5     5      0
                            _Initial
 ---------------------------------------------------------------------------------
 (1) _Initial                                              0     0      0       0
 ---------------------------------------------------------------------------------
 Estimated maximum stack depth 1
 ---------------------------------------------------------------------------------

 Call Graph Graphs:

 _main (ROOT)
   _Initial

 Address spaces:
Name               Size   Autos  Total    Cost      Usage
BITCOMRAM           7F      0       0       0        0.0%
EEDATA             100      0       0       0        0.0%
NULL                 0      0       0       0        0.0%
CODE                 0      0       0       0        0.0%
COMRAM              7F      5       5       1        3.9%
STACK                0      0       0       2        0.0%
DATA                 0      0       0       3        0.0%
BITBANK0            80      0       0       4        0.0%
BANK0               80      0       0       5        0.0%
BITBANK1           100      0       0       6        0.0%
BANK1              100      0       0       7        0.0%
BITBANK2           100      0       0       8        0.0%
BANK2              100      0       0       9        0.0%
BITBANK3           100      0       0      10        0.0%
BANK3              100      0       0      11        0.0%
BITBANK4           100      0       0      12        0.0%
BANK4              100      0       0      13        0.0%
BANK5              100      0       0      14        0.0%
ABS                  0      0       0      15        0.0%
BITBANK5           100      0       0      16        0.0%
BIGRAM             5FF      0       0      17        0.0%
BITSFR               0      0       0      40        0.0%
SFR                  0      0       0      40        0.0%


Microchip Technology PIC18 Macro Assembler V1.35 build -356382666 
Symbol Table                                                                                   Fri Sep 30 17:21:31 2016

                     l16 7FFE              __CFG_BORV$3 000000             __CFG_CP0$OFF 000000  
           __CFG_CP1$OFF 000000             __CFG_CP2$OFF 000000             __CFG_CP3$OFF 000000  
            __CFG_OSC$HS 000000             __CFG_CPB$OFF 000000             __CFG_CPD$OFF 000000  
           __CFG_LVP$OFF 000000             __CFG_WDT$OFF 000000                     _main 7FC2  
                   start 0000            __CFG_IESO$OFF 000000            __CFG_MCLRE$ON 000000  
           ___param_bank 000010          __end_of_Initial 7FC2                    ?_main 0001  
                  _PORTB 000F81                    _TRISA 000F92                    _TRISB 000F93  
          __CFG_PWRT$OFF 000000            __CFG_WRT0$OFF 000000            __CFG_WRT1$OFF 000000  
          __CFG_WRT2$OFF 000000            __CFG_WRT3$OFF 000000           __CFG_EBTR0$OFF 000000  
         __CFG_FCMEN$OFF 000000           __CFG_EBTR1$OFF 000000           __CFG_EBTR2$OFF 000000  
         __CFG_EBTR3$OFF 000000            __CFG_WRTB$OFF 000000            __CFG_WRTC$OFF 000000  
          __CFG_WRTD$OFF 000000           __CFG_EBTRB$OFF 000000           __CFG_BOREN$OFF 000000  
        __initialization 7FAC             __end_of_main 8000                   ??_main 0001  
          __activetblptr 000000                   _ADCON1 000FC1                ??_Initial 0001  
         __CFG_XINST$OFF 000000           __CFG_STVREN$ON 000000               __accesstop 0080  
__end_of__initialization 7FAC          __CFG_PBADEN$OFF 000000            ___rparam_used 000001  
         __pcstackCOMRAM 0001                  _Initial 7FB2                  __Hparam 0000  
                __Lparam 0000                  __pcinit 7FAC                  __ramtop 0600  
                __ptext0 7FC2                  __ptext1 7FB2     end_of_initialization 7FAC  
             main@countb 0005      start_initialization 7FAC         __CFG_LPT1OSC$OFF 000000  
               ?_Initial 0001        __CFG_CCP2MX$PORTC 000000         __CFG_WDTPS$32768 000000  
              main@count 0001                 __Hrparam 0000         __size_of_Initial 0010  
               __Lrparam 0000            __size_of_main 003E  
