

Microchip Technology PIC18 LITE Macro Assembler V1.35 build -356382666 
                                                                                               Sat Sep 08 12:38:48 2018

Microchip Technology Omniscient Code Generator v1.35 (Free mode) build 201507080246
     1                           	processor	18F4520
     2                           	fnconf	rparam,??,?,0
     3                           	opt	pw 120
     4                           	opt	lm
     5                           	psect	cinit,global,reloc=2,class=CODE,delta=1
     6                           	psect	cstackCOMRAM,global,class=COMRAM,space=1,delta=1
     7                           	psect	text0,global,reloc=2,class=CODE,delta=1
     8                           	psect	text1,global,reloc=2,class=CODE,delta=1
     9                           	psect	intsave_regs,global,class=BIGRAM,space=1,delta=1
    10                           	psect	rparam,global,class=COMRAM,space=1,delta=1
    11  0000                     _ADCON1	set	4033
    12  0000                     _LATB	set	3978
    13  0000                     _TRISA	set	3986
    14  0000                     _TRISB	set	3987
    15                           
    16                           ; #config settings
    17  0000                     
    18                           	psect	cinit
    19  007FCE                     __pcinit:
    20                           	opt stack 0
    21  007FCE                     start_initialization:
    22                           	opt stack 0
    23  007FCE                     __initialization:
    24                           	opt stack 0
    25  007FCE                     end_of_initialization:
    26                           	opt stack 0
    27  007FCE                     __end_of__initialization:
    28                           	opt stack 0
    29  007FCE  0100               	movlb	0
    30  007FD0  EFF2  F03F         	goto	_main	;jump to C main() function
    31                           
    32                           	psect	cstackCOMRAM
    33  000001                     __pcstackCOMRAM:
    34                           	opt stack 0
    35  000001                     main@count:
    36                           	opt stack 0
    37                           
    38                           ; 1 bytes @ 0x0
    39  000001                     	ds	1
    40                           
    41 ;;
    42 ;;Main: autosize = 0, tempsize = 0, incstack = 0, save=0
    43 ;;
    44 ;; *************** function _main *****************
    45 ;; Defined at:
    46 ;;		line 42 in file "machine_code.c"
    47 ;; Parameters:    Size  Location     Type
    48 ;;		None
    49 ;; Auto vars:     Size  Location     Type
    50 ;;  count           1    0[COMRAM] unsigned char 
    51 ;; Return value:  Size  Location     Type
    52 ;;		None               void
    53 ;; Registers used:
    54 ;;		wreg, status,2, status,0, cstack
    55 ;; Tracked objects:
    56 ;;		On entry : 0/0
    57 ;;		On exit  : 0/0
    58 ;;		Unchanged: 0/0
    59 ;; Data sizes:     COMRAM   BANK0   BANK1   BANK2   BANK3   BANK4   BANK5
    60 ;;      Params:         0       0       0       0       0       0       0
    61 ;;      Locals:         1       0       0       0       0       0       0
    62 ;;      Temps:          0       0       0       0       0       0       0
    63 ;;      Totals:         1       0       0       0       0       0       0
    64 ;;Total ram usage:        1 bytes
    65 ;; Hardware stack levels required when called:    1
    66 ;; This function calls:
    67 ;;		_Initial
    68 ;; This function is called by:
    69 ;;		Startup code after reset
    70 ;; This function uses a non-reentrant model
    71 ;;
    72                           
    73                           	psect	text0
    74  007FE4                     __ptext0:
    75                           	opt stack 0
    76  007FE4                     _main:
    77                           	opt stack 30
    78                           
    79                           ;machine_code.c: 44: unsigned char count = 0;
    80                           
    81                           ;incstack = 0
    82  007FE4  0E00               	movlw	0
    83  007FE6  6E01               	movwf	main@count,c
    84                           
    85                           ;machine_code.c: 45: Initial();
    86  007FE8  ECEA  F03F         	call	_Initial	;wreg free
    87                           
    88                           ;machine_code.c: 49: TRISB = 0x00;
    89  007FEC  0E00               	movlw	0
    90  007FEE  6E93               	movwf	3987,c	;volatile
    91                           
    92                           ;machine_code.c: 50: LATB = 0x01;
    93  007FF0  0E01               	movlw	1
    94  007FF2  D004               	goto	L1
    95  007FF4                     l636:
    96                           
    97                           ;machine_code.c: 55: {
    98                           ;machine_code.c: 57: LATB = 0x55;
    99  007FF4  0E55               	movlw	85
   100  007FF6  6E8A               	movwf	3978,c	;volatile
   101                           
   102                           ;machine_code.c: 59: count++;
   103  007FF8  2A01               	incf	main@count,f,c
   104                           
   105                           ;machine_code.c: 61: LATB = 0xAA;
   106  007FFA  0EAA               	movlw	170
   107  007FFC                     L1:
   108  007FFC  6E8A               	movwf	3978,c	;volatile
   109  007FFE  D7FA               	goto	l636
   110  008000                     __end_of_main:
   111                           	opt stack 0
   112                           
   113 ;; *************** function _Initial *****************
   114 ;; Defined at:
   115 ;;		line 75 in file "machine_code.c"
   116 ;; Parameters:    Size  Location     Type
   117 ;;		None
   118 ;; Auto vars:     Size  Location     Type
   119 ;;		None
   120 ;; Return value:  Size  Location     Type
   121 ;;		None               void
   122 ;; Registers used:
   123 ;;		wreg, status,2
   124 ;; Tracked objects:
   125 ;;		On entry : 0/0
   126 ;;		On exit  : 0/0
   127 ;;		Unchanged: 0/0
   128 ;; Data sizes:     COMRAM   BANK0   BANK1   BANK2   BANK3   BANK4   BANK5
   129 ;;      Params:         0       0       0       0       0       0       0
   130 ;;      Locals:         0       0       0       0       0       0       0
   131 ;;      Temps:          0       0       0       0       0       0       0
   132 ;;      Totals:         0       0       0       0       0       0       0
   133 ;;Total ram usage:        0 bytes
   134 ;; Hardware stack levels used:    1
   135 ;; This function calls:
   136 ;;		Nothing
   137 ;; This function is called by:
   138 ;;		_main
   139 ;; This function uses a non-reentrant model
   140 ;;
   141                           
   142                           	psect	text1
   143  007FD4                     __ptext1:
   144                           	opt stack 0
   145  007FD4                     _Initial:
   146                           	opt stack 30
   147                           
   148                           ;machine_code.c: 77: ADCON1 = 0x0f;
   149                           
   150                           ;incstack = 0
   151  007FD4  0E0F               	movlw	15
   152  007FD6  6EC1               	movwf	4033,c	;volatile
   153                           
   154                           ;machine_code.c: 79: TRISA = 0xff;
   155  007FD8  6892               	setf	3986,c	;volatile
   156                           
   157                           ;machine_code.c: 80: TRISB = 0x00;
   158  007FDA  0E00               	movlw	0
   159  007FDC  6E93               	movwf	3987,c	;volatile
   160                           
   161                           ;machine_code.c: 81: LATB = 0x00;
   162  007FDE  0E00               	movlw	0
   163  007FE0  6E8A               	movwf	3978,c	;volatile
   164  007FE2  0012               	return		;funcret
   165  007FE4                     __end_of_Initial:
   166                           	opt stack 0
   167  0000                     
   168                           	psect	rparam


Data Sizes:
    Strings     0
    Constant    0
    Data        0
    BSS         0
    Persistent  0
    Stack       0

Auto Spaces:
    Space          Size  Autos    Used
    COMRAM          127      1       1
    BANK0           128      0       0
    BANK1           256      0       0
    BANK2           256      0       0
    BANK3           256      0       0
    BANK4           256      0       0
    BANK5           256      0       0

Pointer List with Targets:

    None.

Critical Paths under _main in COMRAM

    None.

Critical Paths under _main in BANK0

    None.

Critical Paths under _main in BANK1

    None.

Critical Paths under _main in BANK2

    None.

Critical Paths under _main in BANK3

    None.

Critical Paths under _main in BANK4

    None.

Critical Paths under _main in BANK5

    None.

Call Graph Tables:

 ---------------------------------------------------------------------------------
 (Depth) Function   	        Calls       Base Space   Used Autos Params    Refs
 ---------------------------------------------------------------------------------
 (0) _main                                                 1     1      0       0
                                              0 COMRAM     1     1      0
                            _Initial
 ---------------------------------------------------------------------------------
 (1) _Initial                                              0     0      0       0
 ---------------------------------------------------------------------------------
 Estimated maximum stack depth 1
 ---------------------------------------------------------------------------------

 Call Graph Graphs:

 _main (ROOT)
   _Initial

 Address spaces:
Name               Size   Autos  Total    Cost      Usage
BITCOMRAM           7F      0       0       0        0.0%
EEDATA             100      0       0       0        0.0%
NULL                 0      0       0       0        0.0%
CODE                 0      0       0       0        0.0%
COMRAM              7F      1       1       1        0.8%
STACK                0      0       0       2        0.0%
DATA                 0      0       0       3        0.0%
BITBANK0            80      0       0       4        0.0%
BANK0               80      0       0       5        0.0%
BITBANK1           100      0       0       6        0.0%
BANK1              100      0       0       7        0.0%
BITBANK2           100      0       0       8        0.0%
BANK2              100      0       0       9        0.0%
BITBANK3           100      0       0      10        0.0%
BANK3              100      0       0      11        0.0%
BITBANK4           100      0       0      12        0.0%
BANK4              100      0       0      13        0.0%
BANK5              100      0       0      14        0.0%
ABS                  0      0       0      15        0.0%
BITBANK5           100      0       0      16        0.0%
BIGRAM             5FF      0       0      17        0.0%
BITSFR               0      0       0      40        0.0%
SFR                  0      0       0      40        0.0%


Microchip Technology PIC18 Macro Assembler V1.35 build -356382666 
Symbol Table                                                                                   Sat Sep 08 12:38:48 2018

            __CFG_BORV$3 000000             __CFG_CP0$OFF 000000             __CFG_CP1$OFF 000000  
           __CFG_CP2$OFF 000000             __CFG_CP3$OFF 000000              __CFG_OSC$HS 000000  
                    l636 7FF4             __CFG_CPB$OFF 000000             __CFG_CPD$OFF 000000  
           __CFG_LVP$OFF 000000             __CFG_WDT$OFF 000000                     _LATB 000F8A  
                   _main 7FE4                     start 0000            __CFG_IESO$OFF 000000  
          __CFG_MCLRE$ON 000000             ___param_bank 000010          __end_of_Initial 7FE4  
                  ?_main 0001                    _TRISA 000F92                    _TRISB 000F93  
          __CFG_PWRT$OFF 000000            __CFG_WRT0$OFF 000000            __CFG_WRT1$OFF 000000  
          __CFG_WRT2$OFF 000000            __CFG_WRT3$OFF 000000           __CFG_EBTR0$OFF 000000  
         __CFG_FCMEN$OFF 000000           __CFG_EBTR1$OFF 000000           __CFG_EBTR2$OFF 000000  
         __CFG_EBTR3$OFF 000000            __CFG_WRTB$OFF 000000            __CFG_WRTC$OFF 000000  
          __CFG_WRTD$OFF 000000           __CFG_EBTRB$OFF 000000           __CFG_BOREN$OFF 000000  
        __initialization 7FCE             __end_of_main 8000                   ??_main 0001  
          __activetblptr 000000                   _ADCON1 000FC1                ??_Initial 0001  
         __CFG_XINST$OFF 000000           __CFG_STVREN$ON 000000               __accesstop 0080  
__end_of__initialization 7FCE          __CFG_PBADEN$OFF 000000            ___rparam_used 000001  
         __pcstackCOMRAM 0001                  _Initial 7FD4                  __Hparam 0000  
                __Lparam 0000                  __pcinit 7FCE                  __ramtop 0600  
                __ptext0 7FE4                  __ptext1 7FD4     end_of_initialization 7FCE  
    start_initialization 7FCE         __CFG_LPT1OSC$OFF 000000                 ?_Initial 0001  
      __CFG_CCP2MX$PORTC 000000         __CFG_WDTPS$32768 000000                main@count 0001  
               __Hrparam 0000         __size_of_Initial 0010                 __Lrparam 0000  
          __size_of_main 001C  
